# JRE version: OpenJDK Runtime Environment (8.0_171-b11) (build 1.8.0_171-b11)
# Java VM: OpenJDK 64-Bit Server VM (25.171-b11 mixed mode linux-amd64 compressed oops)
Heap:
 PSYoungGen      total 807424K, used 101299K [0x000000078c000000, 0x00000007bff80000, 0x00000007c0000000)
  eden space 767488K, 10% used [0x000000078c000000,0x0000000790d3c7d8,0x00000007bad80000)
  from space 39936K, 55% used [0x00000007bad80000,0x00000007bc330490,0x00000007bd480000)
  to   space 38400K, 0% used [0x00000007bda00000,0x00000007bda00000,0x00000007bff80000)
 ParOldGen       total 154112K, used 78388K [0x0000000724000000, 0x000000072d680000, 0x000000078c000000)
  object space 154112K, 50% used [0x0000000724000000,0x0000000728c8d208,0x000000072d680000)
 Metaspace       used 65313K, capacity 68121K, committed 68312K, reserved 1110016K
  class space    used 7413K, capacity 7927K, committed 7936K, reserved 1048576K
GC Heap History (10 events):
Event: 323.604 GC heap before
{Heap before GC invocations=62 (full 3):
 PSYoungGen      total 802816K, used 773972K [0x000000078c000000, 0x00000007bfd80000, 0x00000007c0000000)
  eden space 758272K, 100% used [0x000000078c000000,0x00000007ba480000,0x00000007ba480000)
  from space 44544K, 35% used [0x00000007bd200000,0x00000007be155038,0x00000007bfd80000)
  to   space 45568K, 0% used [0x00000007ba480000,0x00000007ba480000,0x00000007bd100000)
 ParOldGen       total 154112K, used 78180K [0x0000000724000000, 0x000000072d680000, 0x000000078c000000)
  object space 154112K, 50% used [0x0000000724000000,0x0000000728c59208,0x000000072d680000)
 Metaspace       used 64794K, capacity 67589K, committed 67800K, reserved 1110016K
  class space    used 7381K, capacity 7885K, committed 7936K, reserved 1048576K
Event: 323.637 GC heap after
Heap after GC invocations=62 (full 3):
 PSYoungGen      total 803840K, used 19807K [0x000000078c000000, 0x00000007bfe00000, 0x00000007c0000000)
  eden space 758272K, 0% used [0x000000078c000000,0x000000078c000000,0x00000007ba480000)
  from space 45568K, 43% used [0x00000007ba480000,0x00000007bb7d7ee8,0x00000007bd100000)
  to   space 44032K, 0% used [0x00000007bd300000,0x00000007bd300000,0x00000007bfe00000)
 ParOldGen       total 154112K, used 78212K [0x0000000724000000, 0x000000072d680000, 0x000000078c000000)
  object space 154112K, 50% used [0x0000000724000000,0x0000000728c61208,0x000000072d680000)
 Metaspace       used 64794K, capacity 67589K, committed 67800K, reserved 1110016K
  class space    used 7381K, capacity 7885K, committed 7936K, reserved 1048576K
}
Event: 331.269 GC heap before
{Heap before GC invocations=63 (full 3):
 PSYoungGen      total 803840K, used 778079K [0x000000078c000000, 0x00000007bfe00000, 0x00000007c0000000)
  eden space 758272K, 100% used [0x000000078c000000,0x00000007ba480000,0x00000007ba480000)
  from space 45568K, 43% used [0x00000007ba480000,0x00000007bb7d7ee8,0x00000007bd100000)
  to   space 44032K, 0% used [0x00000007bd300000,0x00000007bd300000,0x00000007bfe00000)
 ParOldGen       total 154112K, used 78212K [0x0000000724000000, 0x000000072d680000, 0x000000078c000000)
  object space 154112K, 50% used [0x0000000724000000,0x0000000728c61208,0x000000072d680000)
 Metaspace       used 65162K, capacity 67967K, committed 68056K, reserved 1110016K
  class space    used 7406K, capacity 7922K, committed 7936K, reserved 1048576K
Event: 331.300 GC heap after
Heap after GC invocations=63 (full 3):
 PSYoungGen      total 803840K, used 23539K [0x000000078c000000, 0x00000007bfb80000, 0x00000007c0000000)
  eden space 762368K, 0% used [0x000000078c000000,0x000000078c000000,0x00000007ba880000)
  from space 41472K, 56% used [0x00000007bd300000,0x00000007be9fce50,0x00000007bfb80000)
  to   space 42496K, 0% used [0x00000007ba880000,0x00000007ba880000,0x00000007bd200000)
 ParOldGen       total 154112K, used 78260K [0x0000000724000000, 0x000000072d680000, 0x000000078c000000)
  object space 154112K, 50% used [0x0000000724000000,0x0000000728c6d208,0x000000072d680000)
 Metaspace       used 65162K, capacity 67967K, committed 68056K, reserved 1110016K
  class space    used 7406K, capacity 7922K, committed 7936K, reserved 1048576K
}
Event: 336.869 GC heap before
{Heap before GC invocations=64 (full 3):
 PSYoungGen      total 803840K, used 785907K [0x000000078c000000, 0x00000007bfb80000, 0x00000007c0000000)
  eden space 762368K, 100% used [0x000000078c000000,0x00000007ba880000,0x00000007ba880000)
  from space 41472K, 56% used [0x00000007bd300000,0x00000007be9fce50,0x00000007bfb80000)
  to   space 42496K, 0% used [0x00000007ba880000,0x00000007ba880000,0x00000007bd200000)
 ParOldGen       total 154112K, used 78260K [0x0000000724000000, 0x000000072d680000, 0x000000078c000000)
  object space 154112K, 50% used [0x0000000724000000,0x0000000728c6d208,0x000000072d680000)
 Metaspace       used 65246K, capacity 68039K, committed 68056K, reserved 1110016K
  class space    used 7411K, capacity 7924K, committed 7936K, reserved 1048576K
Event: 336.900 GC heap after
Heap after GC invocations=64 (full 3):
 PSYoungGen      total 804864K, used 26718K [0x000000078c000000, 0x00000007c0000000, 0x00000007c0000000)
  eden space 762368K, 0% used [0x000000078c000000,0x000000078c000000,0x00000007ba880000)
  from space 42496K, 62% used [0x00000007ba880000,0x00000007bc297b60,0x00000007bd200000)
  to   space 41984K, 0% used [0x00000007bd700000,0x00000007bd700000,0x00000007c0000000)
 ParOldGen       total 154112K, used 78300K [0x0000000724000000, 0x000000072d680000, 0x000000078c000000)
  object space 154112K, 50% used [0x0000000724000000,0x0000000728c77208,0x000000072d680000)
 Metaspace       used 65246K, capacity 68039K, committed 68056K, reserved 1110016K
  class space    used 7411K, capacity 7924K, committed 7936K, reserved 1048576K
}
Event: 345.959 GC heap before
{Heap before GC invocations=65 (full 3):
 PSYoungGen      total 804864K, used 789086K [0x000000078c000000, 0x00000007c0000000, 0x00000007c0000000)
  eden space 762368K, 100% used [0x000000078c000000,0x00000007ba880000,0x00000007ba880000)
  from space 42496K, 62% used [0x00000007ba880000,0x00000007bc297b60,0x00000007bd200000)
  to   space 41984K, 0% used [0x00000007bd700000,0x00000007bd700000,0x00000007c0000000)
 ParOldGen       total 154112K, used 78300K [0x0000000724000000, 0x000000072d680000, 0x000000078c000000)
  object space 154112K, 50% used [0x0000000724000000,0x0000000728c77208,0x000000072d680000)
 Metaspace       used 65268K, capacity 68103K, committed 68312K, reserved 1110016K
  class space    used 7411K, capacity 7924K, committed 7936K, reserved 1048576K
Event: 345.991 GC heap after
Heap after GC invocations=65 (full 3):
 PSYoungGen      total 804864K, used 22411K [0x000000078c000000, 0x00000007bfb80000, 0x00000007c0000000)
  eden space 767488K, 0% used [0x000000078c000000,0x000000078c000000,0x00000007bad80000)
  from space 37376K, 59% used [0x00000007bd700000,0x00000007bece2f10,0x00000007bfb80000)
  to   space 39936K, 0% used [0x00000007bad80000,0x00000007bad80000,0x00000007bd480000)
 ParOldGen       total 154112K, used 78340K [0x0000000724000000, 0x000000072d680000, 0x000000078c000000)
  object space 154112K, 50% used [0x0000000724000000,0x0000000728c81208,0x000000072d680000)
 Metaspace       used 65268K, capacity 68103K, committed 68312K, reserved 1110016K
  class space    used 7411K, capacity 7924K, committed 7936K, reserved 1048576K
}
Event: 356.355 GC heap before
{Heap before GC invocations=66 (full 3):
 PSYoungGen      total 804864K, used 789899K [0x000000078c000000, 0x00000007bfb80000, 0x00000007c0000000)
  eden space 767488K, 100% used [0x000000078c000000,0x00000007bad80000,0x00000007bad80000)
  from space 37376K, 59% used [0x00000007bd700000,0x00000007bece2f10,0x00000007bfb80000)
  to   space 39936K, 0% used [0x00000007bad80000,0x00000007bad80000,0x00000007bd480000)
 ParOldGen       total 154112K, used 78340K [0x0000000724000000, 0x000000072d680000, 0x000000078c000000)
  object space 154112K, 50% used [0x0000000724000000,0x0000000728c81208,0x000000072d680000)
 Metaspace       used 65312K, capacity 68121K, committed 68312K, reserved 1110016K
  class space    used 7413K, capacity 7927K, committed 7936K, reserved 1048576K
Event: 356.402 GC heap after
Heap after GC invocations=66 (full 3):
 PSYoungGen      total 807424K, used 22209K [0x000000078c000000, 0x00000007bff80000, 0x00000007c0000000)
  eden space 767488K, 0% used [0x000000078c000000,0x000000078c000000,0x00000007bad80000)
  from space 39936K, 55% used [0x00000007bad80000,0x00000007bc330490,0x00000007bd480000)
  to   space 38400K, 0% used [0x00000007bda00000,0x00000007bda00000,0x00000007bff80000)
 ParOldGen       total 154112K, used 78388K [0x0000000724000000, 0x000000072d680000, 0x000000078c000000)
  object space 154112K, 50% used [0x0000000724000000,0x0000000728c8d208,0x000000072d680000)
 Metaspace       used 65312K, capacity 68121K, committed 68312K, reserved 1110016K
  class space    used 7413K, capacity 7927K, committed 7936K, reserved 1048576K
}

